<?xml version="1.0" encoding="UTF-8"?>
<testsuite xmlns:xsi="http://www.w3.org/2001/XMLSchema-instance" xsi:noNamespaceSchemaLocation="https://maven.apache.org/surefire/maven-surefire-plugin/xsd/surefire-test-report-3.0.xsd" version="3.0" name="Tests.TC02_LandingTestCases" time="22.864" tests="1" errors="0" skipped="0" failures="0">
  <properties>
[...]
</properties>
  <testcase name="checkingOnSelecedNumberOfProducts" classname="Tests.TC02_LandingTestCases" time="1.628">
    <system-out><![CDATA[[INFO] 01-01-2025 23:05:51  [Tests.TC02_LandingTestCases.openBrowser(TC02_LandingTestCases.java:31)] - chrome is opened
[INFO] 01-01-2025 23:05:58  [Tests.TC02_LandingTestCases.openBrowser(TC02_LandingTestCases.java:33)] - page is redirected to base URL
[INFO] 01-01-2025 23:05:58  [Listeners.ITestResultListener.onTestStart(ITestResultListener.java:12)] - Test casecheckingOnSelecedNumberOfProducts started
[INFO] 01-01-2025 23:05:59  [Pages.P02_landingPage.addRandomProductsIntoCart(P02_landingPage.java:83)] - total number of selected random products 3
[INFO] 01-01-2025 23:05:59  [Pages.P02_landingPage.addRandomProductsIntoCart(P02_landingPage.java:85)] - number random of products: 3
[INFO] 01-01-2025 23:06:00  [Pages.P02_landingPage.addRandomProductsIntoCart(P02_landingPage.java:85)] - number random of products: 5
[INFO] 01-01-2025 23:06:00  [Pages.P02_landingPage.addRandomProductsIntoCart(P02_landingPage.java:85)] - number random of products: 6
[INFO] 01-01-2025 23:06:00  [Pages.P02_landingPage.getNumberOfProductOnCartIcon(P02_landingPage.java:55)] - number of products in art icon: 3
[INFO] 01-01-2025 23:06:00  [Pages.P02_landingPage.getNumberOfSelectedProducts(P02_landingPage.java:69)] - number of selected product : 3
]]></system-out>
    <system-err><![CDATA[[main] WARN org.testng.internal.Configuration - Detected a static method [Tests.TC02_LandingTestCases.openBrowser()]. Static configuration methods can cause unexpected behavior.
[main] WARN org.testng.internal.Configuration - Detected a static method [Tests.TC02_LandingTestCases.quit()]. Static configuration methods can cause unexpected behavior.
Jan 01, 2025 11:05:48 PM org.openqa.selenium.devtools.CdpVersionFinder findNearestMatch
WARNING: Unable to find CDP implementation matching 131
Jan 01, 2025 11:05:48 PM org.openqa.selenium.chromium.ChromiumDriver lambda$new$5
WARNING: Unable to find version of CDP to use for 131.0.2903.112. You may need to include a dependency on a specific version of the CDP using something similar to `org.seleniumhq.selenium:selenium-devtools-v86:4.18.1` where the version ("v86") matches the version of the chromium-based browser you're using and the version number of the artifact is the same as Selenium's.
]]></system-err>
  </testcase>
</testsuite>