<?xml version="1.0" encoding="UTF-8"?>
<!-- Generated by org.testng.reporters.JUnitXMLReporter -->
<testsuite ignored="2" hostname="DESKTOP-1RBOB16" failures="0" tests="1" name="Surefire test" time="20.362" errors="0" timestamp="2025-01-01T23:06:02 EET">
  <testcase classname="Tests.TC02_LandingTestCases" name="checkingOnSelecedNumberOfProducts" time="1.596"/>
  <testcase classname="Tests.TC02_LandingTestCases" name="clickingOnCart" time="0.0">
    <ignored/>
  </testcase> <!-- clickingOnCart -->
  <testcase classname="Tests.TC02_LandingTestCases" name="CheckingNumberOfSelectedProductsTC" time="0.0">
    <ignored/>
  </testcase> <!-- CheckingNumberOfSelectedProductsTC -->
</testsuite> <!-- Surefire test -->
